<?xml version="1.0" encoding="UTF-8"?>
<!-- Generated by org.testng.reporters.JUnitReportReporter -->
<testsuite skipped="0" hostname="greatping" name="Base.TestCaseStudy" tests="1" failures="0" timestamp="2022-07-31T19:27:49 CST" time="0.004" errors="0">
  <testcase name="testCase1" time="0.004" classname="Base.TestCaseStudy"/>
  <system-out/>
</testsuite> <!-- Base.TestCaseStudy -->
